<?xml version="1.0" encoding="utf-8"?><testsuites name="pytest tests"><testsuite name="pytest" errors="0" failures="0" skipped="0" tests="24" time="37.798" timestamp="2026-04-19T15:16:28.277857+00:00" hostname="agent-env-6c47926d-c4b9-4abc-93bd-277fbea4343c"><testcase classname="backend.tests.backend_test" name="test_health_root" time="0.214" /><testcase classname="backend.tests.backend_test.TestAuth" name="test_login_success" time="0.112" /><testcase classname="backend.tests.backend_test.TestAuth" name="test_login_wrong_password" time="0.155" /><testcase classname="backend.tests.backend_test.TestAuth" name="test_verify_valid" time="0.228" /><testcase classname="backend.tests.backend_test.TestAuth" name="test_verify_invalid_token" time="0.113" /><testcase classname="backend.tests.backend_test.TestAuth" name="test_verify_missing_token" time="0.108" /><testcase classname="backend.tests.backend_test.TestLessons" name="test_list_365_lessons" time="0.136" /><testcase classname="backend.tests.backend_test.TestLessons" name="test_lesson_today" time="0.110" /><testcase classname="backend.tests.backend_test.TestLessons" name="test_lesson_specific_34" time="0.123" /><testcase classname="backend.tests.backend_test.TestLessons" name="test_lesson_out_of_range" time="0.108" /><testcase classname="backend.tests.backend_test.TestLessons" name="test_lesson_insight_generates_and_caches" time="0.255" /><testcase classname="backend.tests.backend_test.TestCoach" name="test_session_crud_and_multiturn" time="33.342" /><testcase classname="backend.tests.backend_test.TestCoach" name="test_message_invalid_session" time="0.109" /><testcase classname="backend.tests.backend_test.TestHabits" name="test_create_habit" time="0.152" /><testcase classname="backend.tests.backend_test.TestHabits" name="test_list_habits_contains" time="0.110" /><testcase classname="backend.tests.backend_test.TestHabits" name="test_checkin_toggle" time="0.241" /><testcase classname="backend.tests.backend_test.TestHabits" name="test_week_checkins" time="0.109" /><testcase classname="backend.tests.backend_test.TestHabits" name="test_delete_habit" time="0.260" /><testcase classname="backend.tests.backend_test.TestEmotions" name="test_create_and_list" time="0.210" /><testcase classname="backend.tests.backend_test.TestJournal" name="test_crud" time="0.426" /><testcase classname="backend.tests.backend_test.TestPlanner" name="test_crud_and_toggle" time="0.429" /><testcase classname="backend.tests.backend_test.TestInnerChild" name="test_exercises_6" time="0.108" /><testcase classname="backend.tests.backend_test.TestInnerChild" name="test_log_crud" time="0.386" /><testcase classname="backend.tests.backend_test.TestMetrics" name="test_dashboard" time="0.102" /></testsuite></testsuites>