<?xml version="1.0" encoding="utf-8"?><testsuites name="pytest tests"><testsuite name="pytest" errors="0" failures="9" skipped="0" tests="38" time="226.510" timestamp="2026-04-19T17:18:02.081209+00:00" hostname="agent-env-6c47926d-c4b9-4abc-93bd-277fbea4343c"><testcase classname="backend.tests.backend_test" name="test_health_root" time="0.003" /><testcase classname="backend.tests.backend_test.TestAuth" name="test_login_success" time="0.002" /><testcase classname="backend.tests.backend_test.TestAuth" name="test_login_wrong_password" time="0.002" /><testcase classname="backend.tests.backend_test.TestAuth" name="test_verify_valid" time="0.007" /><testcase classname="backend.tests.backend_test.TestAuth" name="test_verify_invalid_token" time="0.002" /><testcase classname="backend.tests.backend_test.TestAuth" name="test_verify_missing_token" time="0.002" /><testcase classname="backend.tests.backend_test.TestLessons" name="test_list_365_lessons" time="0.003" /><testcase classname="backend.tests.backend_test.TestLessons" name="test_lesson_today" time="0.002" /><testcase classname="backend.tests.backend_test.TestLessons" name="test_lesson_specific_34" time="0.002" /><testcase classname="backend.tests.backend_test.TestLessons" name="test_lesson_out_of_range" time="0.002" /><testcase classname="backend.tests.backend_test.TestLessons" name="test_lesson_insight_generates_and_caches" time="0.007" /><testcase classname="backend.tests.backend_test.TestCoach" name="test_session_crud_and_multiturn" time="32.010" /><testcase classname="backend.tests.backend_test.TestCoach" name="test_message_invalid_session" time="0.002" /><testcase classname="backend.tests.backend_test.TestHabits" name="test_create_habit" time="0.003" /><testcase classname="backend.tests.backend_test.TestHabits" name="test_list_habits_contains" time="0.002" /><testcase classname="backend.tests.backend_test.TestHabits" name="test_checkin_toggle" time="0.005" /><testcase classname="backend.tests.backend_test.TestHabits" name="test_week_checkins" time="0.002" /><testcase classname="backend.tests.backend_test.TestHabits" name="test_delete_habit" time="0.004" /><testcase classname="backend.tests.backend_test.TestEmotions" name="test_create_and_list" time="0.005" /><testcase classname="backend.tests.backend_test.TestJournal" name="test_crud" time="0.008" /><testcase classname="backend.tests.backend_test.TestPlanner" name="test_crud_and_toggle" time="0.010" /><testcase classname="backend.tests.backend_test.TestInnerChild" name="test_exercises_6" time="0.002" /><testcase classname="backend.tests.backend_test.TestInnerChild" name="test_log_crud" time="0.006" /><testcase classname="backend.tests.backend_test.TestMetrics" name="test_dashboard" time="0.004" /><testcase classname="backend.tests.backend_test.TestJourney" name="test_01_reset_clean_state" time="0.003" /><testcase classname="backend.tests.backend_test.TestJourney" name="test_02_status_empty" time="0.002" /><testcase classname="backend.tests.backend_test.TestJourney" name="test_03_intake_questions" time="0.002" /><testcase classname="backend.tests.backend_test.TestJourney" name="test_04_intake_submit_generates_profile_and_roadmap" time="180.101"><failure message="requests.exceptions.ReadTimeout: HTTPConnectionPool(host='localhost', port=8001): Read timed out. (read timeout=180)">/root/.venv/lib/python3.11/site-packages/urllib3/connectionpool.py:534: in _make_request
    response = conn.getresponse()
               ^^^^^^^^^^^^^^^^^^
/root/.venv/lib/python3.11/site-packages/urllib3/connection.py:571: in getresponse
    httplib_response = super().getresponse()
                       ^^^^^^^^^^^^^^^^^^^^^
/usr/local/lib/python3.11/http/client.py:1415: in getresponse
    response.begin()
/usr/local/lib/python3.11/http/client.py:330: in begin
    version, status, reason = self._read_status()
                              ^^^^^^^^^^^^^^^^^^^
/usr/local/lib/python3.11/http/client.py:291: in _read_status
    line = str(self.fp.readline(_MAXLINE + 1), "iso-8859-1")
               ^^^^^^^^^^^^^^^^^^^^^^^^^^^^^^
/usr/local/lib/python3.11/socket.py:718: in readinto
    return self._sock.recv_into(b)
           ^^^^^^^^^^^^^^^^^^^^^^^
E   TimeoutError: timed out

The above exception was the direct cause of the following exception:
/root/.venv/lib/python3.11/site-packages/requests/adapters.py:645: in send
    resp = conn.urlopen(
/root/.venv/lib/python3.11/site-packages/urllib3/connectionpool.py:841: in urlopen
    retries = retries.increment(
/root/.venv/lib/python3.11/site-packages/urllib3/util/retry.py:490: in increment
    raise reraise(type(error), error, _stacktrace)
          ^^^^^^^^^^^^^^^^^^^^^^^^^^^^^^^^^^^^^^^^
/root/.venv/lib/python3.11/site-packages/urllib3/util/util.py:39: in reraise
    raise value
/root/.venv/lib/python3.11/site-packages/urllib3/connectionpool.py:787: in urlopen
    response = self._make_request(
/root/.venv/lib/python3.11/site-packages/urllib3/connectionpool.py:536: in _make_request
    self._raise_timeout(err=e, url=url, timeout_value=read_timeout)
/root/.venv/lib/python3.11/site-packages/urllib3/connectionpool.py:367: in _raise_timeout
    raise ReadTimeoutError(
E   urllib3.exceptions.ReadTimeoutError: HTTPConnectionPool(host='localhost', port=8001): Read timed out. (read timeout=180)

During handling of the above exception, another exception occurred:
backend/tests/backend_test.py:390: in test_04_intake_submit_generates_profile_and_roadmap
    r = requests.post(
/root/.venv/lib/python3.11/site-packages/requests/api.py:115: in post
    return request("post", url, data=data, json=json, **kwargs)
           ^^^^^^^^^^^^^^^^^^^^^^^^^^^^^^^^^^^^^^^^^^^^^^^^^^^^
/root/.venv/lib/python3.11/site-packages/requests/api.py:59: in request
    return session.request(method=method, url=url, **kwargs)
           ^^^^^^^^^^^^^^^^^^^^^^^^^^^^^^^^^^^^^^^^^^^^^^^^^
/root/.venv/lib/python3.11/site-packages/requests/sessions.py:592: in request
    resp = self.send(prep, **send_kwargs)
           ^^^^^^^^^^^^^^^^^^^^^^^^^^^^^^
/root/.venv/lib/python3.11/site-packages/requests/sessions.py:706: in send
    r = adapter.send(request, **kwargs)
        ^^^^^^^^^^^^^^^^^^^^^^^^^^^^^^^
/root/.venv/lib/python3.11/site-packages/requests/adapters.py:691: in send
    raise ReadTimeout(e, request=request)
E   requests.exceptions.ReadTimeout: HTTPConnectionPool(host='localhost', port=8001): Read timed out. (read timeout=180)</failure></testcase><testcase classname="backend.tests.backend_test.TestJourney" name="test_05_status_after_intake" time="1.193"><failure message="assert False is True">backend/tests/backend_test.py:425: in test_05_status_after_intake
    assert s["has_profile"] is True
E   assert False is True</failure></testcase><testcase classname="backend.tests.backend_test.TestJourney" name="test_06_get_profile" time="0.003"><failure message="assert 404 == 200&#10; +  where 404 = &lt;Response [404]&gt;.status_code">backend/tests/backend_test.py:431: in test_06_get_profile
    assert r.status_code == 200
E   assert 404 == 200
E    +  where 404 = &lt;Response [404]&gt;.status_code</failure></testcase><testcase classname="backend.tests.backend_test.TestJourney" name="test_07_get_roadmap" time="0.002"><failure message="assert 404 == 200&#10; +  where 404 = &lt;Response [404]&gt;.status_code">backend/tests/backend_test.py:439: in test_07_get_roadmap
    assert r.status_code == 200
E   assert 404 == 200
E    +  where 404 = &lt;Response [404]&gt;.status_code</failure></testcase><testcase classname="backend.tests.backend_test.TestJourney" name="test_08_today_generates_and_caches" time="0.003"><failure message="AssertionError: {&quot;detail&quot;:&quot;Completa el diagnóstico primero&quot;}&#10;assert 400 == 200&#10; +  where 400 = &lt;Response [400]&gt;.status_code">backend/tests/backend_test.py:448: in test_08_today_generates_and_caches
    assert r1.status_code == 200, r1.text[:400]
E   AssertionError: {"detail":"Completa el diagnóstico primero"}
E   assert 400 == 200
E    +  where 400 = &lt;Response [400]&gt;.status_code</failure></testcase><testcase classname="backend.tests.backend_test.TestJourney" name="test_09_complete_today" time="0.002"><failure message="assert 404 == 200&#10; +  where 404 = &lt;Response [404]&gt;.status_code">backend/tests/backend_test.py:471: in test_09_complete_today
    assert r.status_code == 200
E   assert 404 == 200
E    +  where 404 = &lt;Response [404]&gt;.status_code</failure></testcase><testcase classname="backend.tests.backend_test.TestJourney" name="test_10_progress" time="0.002"><failure message="assert False is True">backend/tests/backend_test.py:478: in test_10_progress
    assert p["has_roadmap"] is True
E   assert False is True</failure></testcase><testcase classname="backend.tests.backend_test.TestJourney" name="test_11_advance_phase" time="0.002"><failure message="assert 404 == 200&#10; +  where 404 = &lt;Response [404]&gt;.status_code">backend/tests/backend_test.py:486: in test_11_advance_phase
    assert r.status_code == 200
E   assert 404 == 200
E    +  where 404 = &lt;Response [404]&gt;.status_code</failure></testcase><testcase classname="backend.tests.backend_test.TestJourney" name="test_12_review_generates" time="0.002"><failure message="AssertionError: {&quot;detail&quot;:&quot;Completa el diagnóstico primero&quot;}&#10;assert 400 == 200&#10; +  where 400 = &lt;Response [400]&gt;.status_code">backend/tests/backend_test.py:494: in test_12_review_generates
    assert r.status_code == 200, r.text[:400]
E   AssertionError: {"detail":"Completa el diagnóstico primero"}
E   assert 400 == 200
E    +  where 400 = &lt;Response [400]&gt;.status_code</failure></testcase><testcase classname="backend.tests.backend_test.TestJourney" name="test_13_coach_uses_journey_context" time="12.665" /><testcase classname="backend.tests.backend_test.TestJourney" name="test_14_reset_clears_all" time="0.014" /></testsuite></testsuites>