<?xml version="1.0" encoding="utf-8"?><testsuites name="pytest tests"><testsuite name="pytest" errors="0" failures="0" skipped="0" tests="10" time="63.970" timestamp="2026-04-19T17:32:04.410589+00:00" hostname="agent-env-6c47926d-c4b9-4abc-93bd-277fbea4343c"><testcase classname="backend.tests.backend_test.TestJourney" name="test_05_status_after_intake" time="0.008" /><testcase classname="backend.tests.backend_test.TestJourney" name="test_06_get_profile" time="0.003" /><testcase classname="backend.tests.backend_test.TestJourney" name="test_07_get_roadmap" time="0.002" /><testcase classname="backend.tests.backend_test.TestJourney" name="test_08_today_generates_and_caches" time="9.527" /><testcase classname="backend.tests.backend_test.TestJourney" name="test_09_complete_today" time="0.003" /><testcase classname="backend.tests.backend_test.TestJourney" name="test_10_progress" time="0.011" /><testcase classname="backend.tests.backend_test.TestJourney" name="test_11_advance_phase" time="0.006" /><testcase classname="backend.tests.backend_test.TestJourney" name="test_12_review_generates" time="43.209" /><testcase classname="backend.tests.backend_test.TestJourney" name="test_13_coach_uses_journey_context" time="11.114" /><testcase classname="backend.tests.backend_test.TestJourney" name="test_14_reset_clears_all" time="0.009" /></testsuite></testsuites>